<?xml version="1.0" encoding="UTF-8"?>
<coverage generated="1734718023788" clover="3.2.0">
  <project timestamp="1734718023788" name="All files">
    <metrics statements="36" coveredstatements="36" conditionals="22" coveredconditionals="22" methods="10" coveredmethods="10" elements="68" coveredelements="68" complexity="0" loc="36" ncloc="36" packages="1" files="2" classes="2"/>
    <file name="assignment.js" path="/home/krios/repos/odin-testing-practice/assignment.js">
      <metrics statements="34" coveredstatements="34" conditionals="22" coveredconditionals="22" methods="9" coveredmethods="9"/>
      <line num="4" count="1" type="stmt"/>
      <line num="8" count="1" type="stmt"/>
      <line num="11" count="1" type="stmt"/>
      <line num="13" count="1" type="stmt"/>
      <line num="16" count="1" type="stmt"/>
      <line num="19" count="1" type="stmt"/>
      <line num="22" count="1" type="stmt"/>
      <line num="29" count="6" type="stmt"/>
      <line num="30" count="6" type="stmt"/>
      <line num="31" count="6" type="stmt"/>
      <line num="32" count="6" type="stmt"/>
      <line num="33" count="6" type="stmt"/>
      <line num="34" count="6" type="stmt"/>
      <line num="36" count="6" type="stmt"/>
      <line num="37" count="30" type="stmt"/>
      <line num="38" count="30" type="stmt"/>
      <line num="40" count="30" type="cond" truecount="2" falsecount="0"/>
      <line num="41" count="27" type="cond" truecount="2" falsecount="0"/>
      <line num="46" count="3" type="stmt"/>
      <line num="47" count="24" type="cond" truecount="2" falsecount="0"/>
      <line num="52" count="3" type="stmt"/>
      <line num="53" count="21" type="cond" truecount="2" falsecount="0"/>
      <line num="58" count="3" type="stmt"/>
      <line num="59" count="18" type="cond" truecount="2" falsecount="0"/>
      <line num="64" count="3" type="stmt"/>
      <line num="66" count="15" type="stmt"/>
      <line num="69" count="3" type="stmt"/>
      <line num="73" count="6" type="stmt"/>
      <line num="77" count="19" type="stmt"/>
      <line num="78" count="5" type="stmt"/>
      <line num="79" count="5" type="stmt"/>
      <line num="80" count="5" type="stmt"/>
      <line num="82" count="5" type="stmt"/>
      <line num="90" count="1" type="stmt"/>
    </file>
    <file name="cloneArray.js" path="/home/krios/repos/odin-testing-practice/cloneArray.js">
      <metrics statements="2" coveredstatements="2" conditionals="0" coveredconditionals="0" methods="1" coveredmethods="1"/>
      <line num="2" count="2" type="stmt"/>
      <line num="5" count="1" type="stmt"/>
    </file>
  </project>
</coverage>
