{"/home/krios/repos/odin-testing-practice/assignment.js": {"path":"/home/krios/repos/odin-testing-practice/assignment.js","statementMap":{"0":{"start":{"line":4,"column":2},"end":{"line":4,"column":58}},"1":{"start":{"line":8,"column":2},"end":{"line":8,"column":45}},"2":{"start":{"line":11,"column":19},"end":{"line":24,"column":1}},"3":{"start":{"line":13,"column":4},"end":{"line":13,"column":17}},"4":{"start":{"line":16,"column":4},"end":{"line":16,"column":17}},"5":{"start":{"line":19,"column":4},"end":{"line":19,"column":17}},"6":{"start":{"line":22,"column":4},"end":{"line":22,"column":17}},"7":{"start":{"line":29,"column":21},"end":{"line":29,"column":38}},"8":{"start":{"line":30,"column":19},"end":{"line":30,"column":36}},"9":{"start":{"line":31,"column":21},"end":{"line":31,"column":38}},"10":{"start":{"line":32,"column":19},"end":{"line":32,"column":36}},"11":{"start":{"line":33,"column":19},"end":{"line":33,"column":39}},"12":{"start":{"line":34,"column":15},"end":{"line":34,"column":17}},"13":{"start":{"line":36,"column":2},"end":{"line":71,"column":3}},"14":{"start":{"line":36,"column":15},"end":{"line":36,"column":16}},"15":{"start":{"line":37,"column":15},"end":{"line":37,"column":31}},"16":{"start":{"line":38,"column":26},"end":{"line":38,"column":46}},"17":{"start":{"line":40,"column":4},"end":{"line":70,"column":5}},"18":{"start":{"line":41,"column":6},"end":{"line":67,"column":7}},"19":{"start":{"line":46,"column":8},"end":{"line":46,"column":69}},"20":{"start":{"line":47,"column":13},"end":{"line":67,"column":7}},"21":{"start":{"line":52,"column":8},"end":{"line":52,"column":69}},"22":{"start":{"line":53,"column":13},"end":{"line":67,"column":7}},"23":{"start":{"line":58,"column":8},"end":{"line":58,"column":69}},"24":{"start":{"line":59,"column":13},"end":{"line":67,"column":7}},"25":{"start":{"line":64,"column":8},"end":{"line":64,"column":69}},"26":{"start":{"line":66,"column":8},"end":{"line":66,"column":66}},"27":{"start":{"line":69,"column":6},"end":{"line":69,"column":24}},"28":{"start":{"line":73,"column":2},"end":{"line":73,"column":25}},"29":{"start":{"line":77,"column":16},"end":{"line":77,"column":56}},"30":{"start":{"line":77,"column":43},"end":{"line":77,"column":52}},"31":{"start":{"line":78,"column":20},"end":{"line":78,"column":38}},"32":{"start":{"line":79,"column":16},"end":{"line":79,"column":34}},"33":{"start":{"line":80,"column":16},"end":{"line":80,"column":34}},"34":{"start":{"line":82,"column":4},"end":{"line":87,"column":6}},"35":{"start":{"line":90,"column":0},"end":{"line":96,"column":2}}},"fnMap":{"0":{"name":"capitalize","decl":{"start":{"line":3,"column":9},"end":{"line":3,"column":19}},"loc":{"start":{"line":3,"column":28},"end":{"line":5,"column":1}},"line":3},"1":{"name":"reverseString","decl":{"start":{"line":7,"column":9},"end":{"line":7,"column":22}},"loc":{"start":{"line":7,"column":31},"end":{"line":9,"column":1}},"line":7},"2":{"name":"(anonymous_2)","decl":{"start":{"line":12,"column":7},"end":{"line":12,"column":8}},"loc":{"start":{"line":12,"column":23},"end":{"line":14,"column":3}},"line":12},"3":{"name":"(anonymous_3)","decl":{"start":{"line":15,"column":12},"end":{"line":15,"column":13}},"loc":{"start":{"line":15,"column":28},"end":{"line":17,"column":3}},"line":15},"4":{"name":"(anonymous_4)","decl":{"start":{"line":18,"column":12},"end":{"line":18,"column":13}},"loc":{"start":{"line":18,"column":28},"end":{"line":20,"column":3}},"line":18},"5":{"name":"(anonymous_5)","decl":{"start":{"line":21,"column":10},"end":{"line":21,"column":11}},"loc":{"start":{"line":21,"column":26},"end":{"line":23,"column":3}},"line":21},"6":{"name":"caesarCipher","decl":{"start":{"line":28,"column":9},"end":{"line":28,"column":21}},"loc":{"start":{"line":28,"column":37},"end":{"line":74,"column":1}},"line":28},"7":{"name":"analyzeArray","decl":{"start":{"line":76,"column":9},"end":{"line":76,"column":21}},"loc":{"start":{"line":76,"column":29},"end":{"line":88,"column":1}},"line":76},"8":{"name":"(anonymous_8)","decl":{"start":{"line":77,"column":29},"end":{"line":77,"column":30}},"loc":{"start":{"line":77,"column":43},"end":{"line":77,"column":52}},"line":77}},"branchMap":{"0":{"loc":{"start":{"line":40,"column":4},"end":{"line":70,"column":5}},"type":"if","locations":[{"start":{"line":40,"column":4},"end":{"line":70,"column":5}},{"start":{"line":68,"column":11},"end":{"line":70,"column":5}}],"line":40},"1":{"loc":{"start":{"line":41,"column":6},"end":{"line":67,"column":7}},"type":"if","locations":[{"start":{"line":41,"column":6},"end":{"line":67,"column":7}},{"start":{"line":47,"column":13},"end":{"line":67,"column":7}}],"line":41},"2":{"loc":{"start":{"line":42,"column":8},"end":{"line":44,"column":42}},"type":"binary-expr","locations":[{"start":{"line":42,"column":8},"end":{"line":42,"column":17}},{"start":{"line":43,"column":8},"end":{"line":43,"column":37}},{"start":{"line":44,"column":8},"end":{"line":44,"column":42}}],"line":42},"3":{"loc":{"start":{"line":47,"column":13},"end":{"line":67,"column":7}},"type":"if","locations":[{"start":{"line":47,"column":13},"end":{"line":67,"column":7}},{"start":{"line":53,"column":13},"end":{"line":67,"column":7}}],"line":47},"4":{"loc":{"start":{"line":48,"column":8},"end":{"line":50,"column":42}},"type":"binary-expr","locations":[{"start":{"line":48,"column":8},"end":{"line":48,"column":17}},{"start":{"line":49,"column":8},"end":{"line":49,"column":35}},{"start":{"line":50,"column":8},"end":{"line":50,"column":42}}],"line":48},"5":{"loc":{"start":{"line":53,"column":13},"end":{"line":67,"column":7}},"type":"if","locations":[{"start":{"line":53,"column":13},"end":{"line":67,"column":7}},{"start":{"line":59,"column":13},"end":{"line":67,"column":7}}],"line":53},"6":{"loc":{"start":{"line":54,"column":8},"end":{"line":56,"column":44}},"type":"binary-expr","locations":[{"start":{"line":54,"column":8},"end":{"line":54,"column":17}},{"start":{"line":55,"column":8},"end":{"line":55,"column":37}},{"start":{"line":56,"column":8},"end":{"line":56,"column":44}}],"line":54},"7":{"loc":{"start":{"line":59,"column":13},"end":{"line":67,"column":7}},"type":"if","locations":[{"start":{"line":59,"column":13},"end":{"line":67,"column":7}},{"start":{"line":65,"column":13},"end":{"line":67,"column":7}}],"line":59},"8":{"loc":{"start":{"line":60,"column":8},"end":{"line":62,"column":44}},"type":"binary-expr","locations":[{"start":{"line":60,"column":8},"end":{"line":60,"column":17}},{"start":{"line":61,"column":8},"end":{"line":61,"column":35}},{"start":{"line":62,"column":8},"end":{"line":62,"column":44}}],"line":60}},"s":{"0":1,"1":1,"2":1,"3":1,"4":1,"5":1,"6":1,"7":6,"8":6,"9":6,"10":6,"11":6,"12":6,"13":6,"14":6,"15":30,"16":30,"17":30,"18":27,"19":3,"20":24,"21":3,"22":21,"23":3,"24":18,"25":3,"26":15,"27":3,"28":6,"29":5,"30":19,"31":5,"32":5,"33":5,"34":5,"35":1},"f":{"0":1,"1":1,"2":1,"3":1,"4":1,"5":1,"6":6,"7":5,"8":19},"b":{"0":[27,3],"1":[3,24],"2":[27,21,13],"3":[3,21],"4":[24,18,8],"5":[3,18],"6":[21,6,3],"7":[3,15],"8":[18,3,3]},"_coverageSchema":"1a1c01bbd47fc00a2c39e90264f33305004495a9","hash":"a33443f3f95731c136083efdaadfda5e844a7614"}
,"/home/krios/repos/odin-testing-practice/cloneArray.js": {"path":"/home/krios/repos/odin-testing-practice/cloneArray.js","statementMap":{"0":{"start":{"line":2,"column":4},"end":{"line":2,"column":21}},"1":{"start":{"line":5,"column":0},"end":{"line":5,"column":27}}},"fnMap":{"0":{"name":"cloneArray","decl":{"start":{"line":1,"column":9},"end":{"line":1,"column":19}},"loc":{"start":{"line":1,"column":27},"end":{"line":3,"column":1}},"line":1}},"branchMap":{},"s":{"0":2,"1":1},"f":{"0":2},"b":{},"_coverageSchema":"1a1c01bbd47fc00a2c39e90264f33305004495a9","hash":"264e9305fd9bb7ef7edc396fb3c82998af3806ad"}
}
