TN:
SF:assignment.js
FN:3,capitalize
FN:10,reverseString
FN:16,(anonymous_2)
FN:19,(anonymous_3)
FN:22,(anonymous_4)
FN:25,(anonymous_5)
FN:49,caesarCipher
FN:166,analyzeArray
FN:167,(anonymous_8)
FNF:9
FNH:9
FNDA:1,capitalize
FNDA:1,reverseString
FNDA:1,(anonymous_2)
FNDA:1,(anonymous_3)
FNDA:1,(anonymous_4)
FNDA:1,(anonymous_5)
FNDA:6,caesarCipher
FNDA:6,analyzeArray
FNDA:25,(anonymous_8)
DA:4,1
DA:11,1
DA:15,1
DA:17,1
DA:20,1
DA:23,1
DA:26,1
DA:50,6
DA:51,6
DA:52,6
DA:53,6
DA:54,6
DA:55,6
DA:57,6
DA:58,30
DA:59,30
DA:61,30
DA:63,27
DA:68,3
DA:72,24
DA:77,3
DA:81,21
DA:86,3
DA:90,18
DA:95,3
DA:100,15
DA:105,3
DA:109,6
DA:167,25
DA:168,6
DA:169,6
DA:170,6
DA:171,6
DA:179,1
DA:180,1
DA:191,1
LF:36
LH:36
BRDA:61,0,0,27
BRDA:61,0,1,3
BRDA:63,1,0,3
BRDA:63,1,1,24
BRDA:64,2,0,27
BRDA:64,2,1,21
BRDA:64,2,2,13
BRDA:72,3,0,3
BRDA:72,3,1,21
BRDA:73,4,0,24
BRDA:73,4,1,18
BRDA:73,4,2,8
BRDA:81,5,0,3
BRDA:81,5,1,18
BRDA:82,6,0,21
BRDA:82,6,1,6
BRDA:82,6,2,3
BRDA:90,7,0,3
BRDA:90,7,1,15
BRDA:91,8,0,18
BRDA:91,8,1,3
BRDA:91,8,2,3
BRF:22
BRH:22
end_of_record
TN:
SF:cloneArray.js
FN:1,cloneArray
FNF:1
FNH:1
FNDA:2,cloneArray
DA:2,2
DA:5,1
LF:2
LH:2
BRF:0
BRH:0
end_of_record
