TN:
SF:assignment.js
FN:3,capitalize
FN:7,reverseString
FN:12,(anonymous_2)
FN:15,(anonymous_3)
FN:18,(anonymous_4)
FN:21,(anonymous_5)
FN:28,caesarCipher
FN:76,analyzeArray
FN:77,(anonymous_8)
FNF:9
FNH:9
FNDA:1,capitalize
FNDA:1,reverseString
FNDA:1,(anonymous_2)
FNDA:1,(anonymous_3)
FNDA:1,(anonymous_4)
FNDA:1,(anonymous_5)
FNDA:6,caesarCipher
FNDA:5,analyzeArray
FNDA:19,(anonymous_8)
DA:4,1
DA:8,1
DA:11,1
DA:13,1
DA:16,1
DA:19,1
DA:22,1
DA:29,6
DA:30,6
DA:31,6
DA:32,6
DA:33,6
DA:34,6
DA:36,6
DA:37,30
DA:38,30
DA:40,30
DA:41,27
DA:46,3
DA:47,24
DA:52,3
DA:53,21
DA:58,3
DA:59,18
DA:64,3
DA:66,15
DA:69,3
DA:73,6
DA:77,19
DA:78,5
DA:79,5
DA:80,5
DA:82,5
DA:90,1
LF:34
LH:34
BRDA:40,0,0,27
BRDA:40,0,1,3
BRDA:41,1,0,3
BRDA:41,1,1,24
BRDA:42,2,0,27
BRDA:42,2,1,21
BRDA:42,2,2,13
BRDA:47,3,0,3
BRDA:47,3,1,21
BRDA:48,4,0,24
BRDA:48,4,1,18
BRDA:48,4,2,8
BRDA:53,5,0,3
BRDA:53,5,1,18
BRDA:54,6,0,21
BRDA:54,6,1,6
BRDA:54,6,2,3
BRDA:59,7,0,3
BRDA:59,7,1,15
BRDA:60,8,0,18
BRDA:60,8,1,3
BRDA:60,8,2,3
BRF:22
BRH:22
end_of_record
TN:
SF:cloneArray.js
FN:1,cloneArray
FNF:1
FNH:1
FNDA:2,cloneArray
DA:2,2
DA:5,1
LF:2
LH:2
BRF:0
BRH:0
end_of_record
